{
  "stats": {
    "suites": 1,
    "tests": 2,
    "passes": 1,
    "pending": 0,
    "failures": 1,
    "start": "2020-12-25T01:51:15.939Z",
    "end": "2020-12-25T01:51:36.119Z",
    "duration": 20180,
    "testsRegistered": 2,
    "passPercent": 50,
    "pendingPercent": 0,
    "other": 0,
    "hasOther": false,
    "skipped": 0,
    "hasSkipped": false
  },
  "results": [
    {
      "uuid": "d4002b2e-8b69-429e-b73a-dfe1bc224a97",
      "title": "",
      "fullFile": "cypress/integration/test.feature",
      "file": "cypress/integration/test.feature",
      "beforeHooks": [],
      "afterHooks": [],
      "tests": [],
      "suites": [
        {
          "uuid": "310d8d18-f5bd-4068-b1f1-ed91c24e8d88",
          "title": "Acessar site Seu Barriga",
          "fullFile": "",
          "file": "",
          "beforeHooks": [],
          "afterHooks": [],
          "tests": [
            {
              "title": "Cadastrar novo usuário",
              "fullTitle": "Acessar site Seu Barriga Cadastrar novo usuário",
              "timedOut": null,
              "duration": 6060,
              "state": "passed",
              "speed": "slow",
              "pass": true,
              "fail": false,
              "pending": false,
              "context": null,
              "code": "const state = window.testState;\nreturn cy\n  .then(() => state.onStartScenario(scenario, indexedSteps))\n  .then(() =>\n    resolveAndRunBeforeHooks.call(this, scenario.tags, state.feature.name)\n  )\n  .then(() =>\n    indexedSteps.forEach((step) =>\n      stepTest.call(this, state, step, rowData)\n    )\n  )\n  .then(() =>\n    resolveAndRunAfterHooks.call(this, scenario.tags, state.feature.name)\n  )\n  .then(() => state.onFinishScenario(scenario));",
              "err": {},
              "uuid": "65433886-fa0c-41e7-ba53-4789023a0cae",
              "parentUUID": "310d8d18-f5bd-4068-b1f1-ed91c24e8d88",
              "isHook": false,
              "skipped": false
            },
            {
              "title": "Realizar Login",
              "fullTitle": "Acessar site Seu Barriga Realizar Login",
              "timedOut": null,
              "duration": 13918,
              "state": "failed",
              "speed": null,
              "pass": false,
              "fail": true,
              "pending": false,
              "context": null,
              "code": "const state = window.testState;\nreturn cy\n  .then(() => state.onStartScenario(scenario, indexedSteps))\n  .then(() =>\n    resolveAndRunBeforeHooks.call(this, scenario.tags, state.feature.name)\n  )\n  .then(() =>\n    indexedSteps.forEach((step) =>\n      stepTest.call(this, state, step, rowData)\n    )\n  )\n  .then(() =>\n    resolveAndRunAfterHooks.call(this, scenario.tags, state.feature.name)\n  )\n  .then(() => state.onFinishScenario(scenario));",
              "err": {
                "message": "AssertionError: Timed out retrying: Expected to find content: 'Bem vindo, Laércio!' within the element: <div.alert.alert-danger> but never did.",
                "estack": "AssertionError: Timed out retrying: Expected to find content: 'Bem vindo, Laércio!' within the element: <div.alert.alert-danger> but never did.\n    at TestPage.validarlogin (https://srbarriga.herokuapp.com/__cypress/tests?p=cypress/integration/test.feature:116:37)\n    at Context.eval (https://srbarriga.herokuapp.com/__cypress/tests?p=cypress/integration/test.feature:209:12)\n    at Context.resolveAndRunStepDefinition (https://srbarriga.herokuapp.com/__cypress/tests?p=cypress/integration/test.feature:11957:9)\n    at Context.eval (https://srbarriga.herokuapp.com/__cypress/tests?p=cypress/integration/test.feature:11298:35)",
                "diff": null
              },
              "uuid": "2544753a-4cec-4c82-8a5c-d041d32f1426",
              "parentUUID": "310d8d18-f5bd-4068-b1f1-ed91c24e8d88",
              "isHook": false,
              "skipped": false
            }
          ],
          "suites": [],
          "passes": [
            "65433886-fa0c-41e7-ba53-4789023a0cae"
          ],
          "failures": [
            "2544753a-4cec-4c82-8a5c-d041d32f1426"
          ],
          "pending": [],
          "skipped": [],
          "duration": 19978,
          "root": false,
          "rootEmpty": false,
          "_timeout": 2000
        }
      ],
      "passes": [],
      "failures": [],
      "pending": [],
      "skipped": [],
      "duration": 0,
      "root": true,
      "rootEmpty": true,
      "_timeout": 2000
    }
  ],
  "meta": {
    "mocha": {
      "version": "7.0.1"
    },
    "mochawesome": {
      "options": {
        "quiet": false,
        "reportFilename": "mochawesome",
        "saveHtml": true,
        "saveJson": true,
        "consoleReporter": "spec",
        "useInlineDiffs": false,
        "code": true
      },
      "version": "6.2.1"
    },
    "marge": {
      "options": {
        "overwrite": false
      },
      "version": "5.1.0"
    }
  }
}