{
  "stats": {
    "suites": 1,
    "tests": 9,
    "passes": 9,
    "pending": 0,
    "failures": 0,
    "start": "2020-12-25T22:27:30.634Z",
    "end": "2020-12-25T22:28:39.886Z",
    "duration": 69252,
    "testsRegistered": 9,
    "passPercent": 100,
    "pendingPercent": 0,
    "other": 0,
    "hasOther": false,
    "skipped": 0,
    "hasSkipped": false
  },
  "results": [
    {
      "uuid": "543d56eb-62c5-42de-8e63-7d665c87b988",
      "title": "",
      "fullFile": "cypress/integration/cadastro.feature",
      "file": "cypress/integration/cadastro.feature",
      "beforeHooks": [],
      "afterHooks": [],
      "tests": [],
      "suites": [
        {
          "uuid": "c5bc3dd2-647a-4b4f-8796-7ce534cada47",
          "title": "Acessar site Seu Barriga",
          "fullFile": "",
          "file": "",
          "beforeHooks": [],
          "afterHooks": [],
          "tests": [
            {
              "title": "Cadastrar novo usuário",
              "fullTitle": "Acessar site Seu Barriga Cadastrar novo usuário",
              "timedOut": null,
              "duration": 7669,
              "state": "passed",
              "speed": "slow",
              "pass": true,
              "fail": false,
              "pending": false,
              "context": null,
              "code": "const state = window.testState;\nreturn cy\n  .then(() => state.onStartScenario(scenario, indexedSteps))\n  .then(() =>\n    resolveAndRunBeforeHooks.call(this, scenario.tags, state.feature.name)\n  )\n  .then(() =>\n    indexedSteps.forEach((step) =>\n      stepTest.call(this, state, step, rowData)\n    )\n  )\n  .then(() =>\n    resolveAndRunAfterHooks.call(this, scenario.tags, state.feature.name)\n  )\n  .then(() => state.onFinishScenario(scenario));",
              "err": {},
              "uuid": "38228423-2b53-4ded-8661-81d4ea9699f6",
              "parentUUID": "c5bc3dd2-647a-4b4f-8796-7ce534cada47",
              "isHook": false,
              "skipped": false
            },
            {
              "title": "Realizar Login",
              "fullTitle": "Acessar site Seu Barriga Realizar Login",
              "timedOut": null,
              "duration": 4866,
              "state": "passed",
              "speed": "slow",
              "pass": true,
              "fail": false,
              "pending": false,
              "context": null,
              "code": "const state = window.testState;\nreturn cy\n  .then(() => state.onStartScenario(scenario, indexedSteps))\n  .then(() =>\n    resolveAndRunBeforeHooks.call(this, scenario.tags, state.feature.name)\n  )\n  .then(() =>\n    indexedSteps.forEach((step) =>\n      stepTest.call(this, state, step, rowData)\n    )\n  )\n  .then(() =>\n    resolveAndRunAfterHooks.call(this, scenario.tags, state.feature.name)\n  )\n  .then(() => state.onFinishScenario(scenario));",
              "err": {},
              "uuid": "09c935b4-3542-41dc-ab6b-d062facf3302",
              "parentUUID": "c5bc3dd2-647a-4b4f-8796-7ce534cada47",
              "isHook": false,
              "skipped": false
            },
            {
              "title": "Adicionar Conta",
              "fullTitle": "Acessar site Seu Barriga Adicionar Conta",
              "timedOut": null,
              "duration": 6421,
              "state": "passed",
              "speed": "slow",
              "pass": true,
              "fail": false,
              "pending": false,
              "context": null,
              "code": "const state = window.testState;\nreturn cy\n  .then(() => state.onStartScenario(scenario, indexedSteps))\n  .then(() =>\n    resolveAndRunBeforeHooks.call(this, scenario.tags, state.feature.name)\n  )\n  .then(() =>\n    indexedSteps.forEach((step) =>\n      stepTest.call(this, state, step, rowData)\n    )\n  )\n  .then(() =>\n    resolveAndRunAfterHooks.call(this, scenario.tags, state.feature.name)\n  )\n  .then(() => state.onFinishScenario(scenario));",
              "err": {},
              "uuid": "080ba00e-3a7d-4d5c-9b7c-53a6ce7ec5d2",
              "parentUUID": "c5bc3dd2-647a-4b4f-8796-7ce534cada47",
              "isHook": false,
              "skipped": false
            },
            {
              "title": "Adicionar Movimentção de Receita na Conta",
              "fullTitle": "Acessar site Seu Barriga Adicionar Movimentção de Receita na Conta",
              "timedOut": null,
              "duration": 8493,
              "state": "passed",
              "speed": "slow",
              "pass": true,
              "fail": false,
              "pending": false,
              "context": null,
              "code": "const state = window.testState;\nreturn cy\n  .then(() => state.onStartScenario(scenario, indexedSteps))\n  .then(() =>\n    resolveAndRunBeforeHooks.call(this, scenario.tags, state.feature.name)\n  )\n  .then(() =>\n    indexedSteps.forEach((step) =>\n      stepTest.call(this, state, step, rowData)\n    )\n  )\n  .then(() =>\n    resolveAndRunAfterHooks.call(this, scenario.tags, state.feature.name)\n  )\n  .then(() => state.onFinishScenario(scenario));",
              "err": {},
              "uuid": "83c0b9f8-3872-45f7-b0f4-5b9ca80b86ae",
              "parentUUID": "c5bc3dd2-647a-4b4f-8796-7ce534cada47",
              "isHook": false,
              "skipped": false
            },
            {
              "title": "Adicionar Movimentação de Receita Pendente na Conta",
              "fullTitle": "Acessar site Seu Barriga Adicionar Movimentação de Receita Pendente na Conta",
              "timedOut": null,
              "duration": 8359,
              "state": "passed",
              "speed": "slow",
              "pass": true,
              "fail": false,
              "pending": false,
              "context": null,
              "code": "const state = window.testState;\nreturn cy\n  .then(() => state.onStartScenario(scenario, indexedSteps))\n  .then(() =>\n    resolveAndRunBeforeHooks.call(this, scenario.tags, state.feature.name)\n  )\n  .then(() =>\n    indexedSteps.forEach((step) =>\n      stepTest.call(this, state, step, rowData)\n    )\n  )\n  .then(() =>\n    resolveAndRunAfterHooks.call(this, scenario.tags, state.feature.name)\n  )\n  .then(() => state.onFinishScenario(scenario));",
              "err": {},
              "uuid": "d1bf3015-836a-4a44-955e-5f8d8f3022d9",
              "parentUUID": "c5bc3dd2-647a-4b4f-8796-7ce534cada47",
              "isHook": false,
              "skipped": false
            },
            {
              "title": "Adicionar Despesa na Conta do Itaú",
              "fullTitle": "Acessar site Seu Barriga Adicionar Despesa na Conta do Itaú",
              "timedOut": null,
              "duration": 8328,
              "state": "passed",
              "speed": "slow",
              "pass": true,
              "fail": false,
              "pending": false,
              "context": null,
              "code": "const state = window.testState;\nreturn cy\n  .then(() => state.onStartScenario(scenario, indexedSteps))\n  .then(() =>\n    resolveAndRunBeforeHooks.call(this, scenario.tags, state.feature.name)\n  )\n  .then(() =>\n    indexedSteps.forEach((step) =>\n      stepTest.call(this, state, step, rowData)\n    )\n  )\n  .then(() =>\n    resolveAndRunAfterHooks.call(this, scenario.tags, state.feature.name)\n  )\n  .then(() => state.onFinishScenario(scenario));",
              "err": {},
              "uuid": "e66d282a-c86e-46fd-b634-b125a9e6ef8c",
              "parentUUID": "c5bc3dd2-647a-4b4f-8796-7ce534cada47",
              "isHook": false,
              "skipped": false
            },
            {
              "title": "Adicionar Saldo na Conta da Nubank",
              "fullTitle": "Acessar site Seu Barriga Adicionar Saldo na Conta da Nubank",
              "timedOut": null,
              "duration": 8876,
              "state": "passed",
              "speed": "slow",
              "pass": true,
              "fail": false,
              "pending": false,
              "context": null,
              "code": "const state = window.testState;\nreturn cy\n  .then(() => state.onStartScenario(scenario, indexedSteps))\n  .then(() =>\n    resolveAndRunBeforeHooks.call(this, scenario.tags, state.feature.name)\n  )\n  .then(() =>\n    indexedSteps.forEach((step) =>\n      stepTest.call(this, state, step, rowData)\n    )\n  )\n  .then(() =>\n    resolveAndRunAfterHooks.call(this, scenario.tags, state.feature.name)\n  )\n  .then(() => state.onFinishScenario(scenario));",
              "err": {},
              "uuid": "518227a6-33a6-440e-86fb-e432718f34c1",
              "parentUUID": "c5bc3dd2-647a-4b4f-8796-7ce534cada47",
              "isHook": false,
              "skipped": false
            },
            {
              "title": "Adicionar Movimentação de Receita Pendente na Conta da Nubank",
              "fullTitle": "Acessar site Seu Barriga Adicionar Movimentação de Receita Pendente na Conta da Nubank",
              "timedOut": null,
              "duration": 9092,
              "state": "passed",
              "speed": "slow",
              "pass": true,
              "fail": false,
              "pending": false,
              "context": null,
              "code": "const state = window.testState;\nreturn cy\n  .then(() => state.onStartScenario(scenario, indexedSteps))\n  .then(() =>\n    resolveAndRunBeforeHooks.call(this, scenario.tags, state.feature.name)\n  )\n  .then(() =>\n    indexedSteps.forEach((step) =>\n      stepTest.call(this, state, step, rowData)\n    )\n  )\n  .then(() =>\n    resolveAndRunAfterHooks.call(this, scenario.tags, state.feature.name)\n  )\n  .then(() => state.onFinishScenario(scenario));",
              "err": {},
              "uuid": "15fe2b77-065c-4378-a033-3417d35190eb",
              "parentUUID": "c5bc3dd2-647a-4b4f-8796-7ce534cada47",
              "isHook": false,
              "skipped": false
            },
            {
              "title": "Remover Movimentação",
              "fullTitle": "Acessar site Seu Barriga Remover Movimentação",
              "timedOut": null,
              "duration": 6400,
              "state": "passed",
              "speed": "slow",
              "pass": true,
              "fail": false,
              "pending": false,
              "context": null,
              "code": "const state = window.testState;\nreturn cy\n  .then(() => state.onStartScenario(scenario, indexedSteps))\n  .then(() =>\n    resolveAndRunBeforeHooks.call(this, scenario.tags, state.feature.name)\n  )\n  .then(() =>\n    indexedSteps.forEach((step) =>\n      stepTest.call(this, state, step, rowData)\n    )\n  )\n  .then(() =>\n    resolveAndRunAfterHooks.call(this, scenario.tags, state.feature.name)\n  )\n  .then(() => state.onFinishScenario(scenario));",
              "err": {},
              "uuid": "6850dc18-83b5-4928-92de-8bc15b10549b",
              "parentUUID": "c5bc3dd2-647a-4b4f-8796-7ce534cada47",
              "isHook": false,
              "skipped": false
            }
          ],
          "suites": [],
          "passes": [
            "38228423-2b53-4ded-8661-81d4ea9699f6",
            "09c935b4-3542-41dc-ab6b-d062facf3302",
            "080ba00e-3a7d-4d5c-9b7c-53a6ce7ec5d2",
            "83c0b9f8-3872-45f7-b0f4-5b9ca80b86ae",
            "d1bf3015-836a-4a44-955e-5f8d8f3022d9",
            "e66d282a-c86e-46fd-b634-b125a9e6ef8c",
            "518227a6-33a6-440e-86fb-e432718f34c1",
            "15fe2b77-065c-4378-a033-3417d35190eb",
            "6850dc18-83b5-4928-92de-8bc15b10549b"
          ],
          "failures": [],
          "pending": [],
          "skipped": [],
          "duration": 68504,
          "root": false,
          "rootEmpty": false,
          "_timeout": 2000
        }
      ],
      "passes": [],
      "failures": [],
      "pending": [],
      "skipped": [],
      "duration": 0,
      "root": true,
      "rootEmpty": true,
      "_timeout": 2000
    }
  ],
  "meta": {
    "mocha": {
      "version": "7.0.1"
    },
    "mochawesome": {
      "options": {
        "quiet": false,
        "reportFilename": "mochawesome",
        "saveHtml": true,
        "saveJson": true,
        "consoleReporter": "spec",
        "useInlineDiffs": false,
        "code": true
      },
      "version": "6.2.1"
    },
    "marge": {
      "options": {
        "overwrite": false
      },
      "version": "5.1.0"
    }
  }
}