{
  "stats": {
    "suites": 1,
    "tests": 2,
    "passes": 2,
    "pending": 0,
    "failures": 0,
    "start": "2020-12-25T03:53:21.238Z",
    "end": "2020-12-25T03:53:30.950Z",
    "duration": 9712,
    "testsRegistered": 2,
    "passPercent": 100,
    "pendingPercent": 0,
    "other": 0,
    "hasOther": false,
    "skipped": 0,
    "hasSkipped": false
  },
  "results": [
    {
      "uuid": "58202794-d27b-4883-8df1-1b045a08341e",
      "title": "",
      "fullFile": "cypress/integration/login.feature",
      "file": "cypress/integration/login.feature",
      "beforeHooks": [],
      "afterHooks": [],
      "tests": [],
      "suites": [
        {
          "uuid": "0b06f458-0620-443b-8d3c-5b8e304a0f49",
          "title": "Realizo login no site",
          "fullFile": "",
          "file": "",
          "beforeHooks": [],
          "afterHooks": [],
          "tests": [
            {
              "title": "Realizar Login",
              "fullTitle": "Realizo login no site Realizar Login",
              "timedOut": null,
              "duration": 4017,
              "state": "passed",
              "speed": "slow",
              "pass": true,
              "fail": false,
              "pending": false,
              "context": null,
              "code": "const state = window.testState;\nreturn cy\n  .then(() => state.onStartScenario(scenario, indexedSteps))\n  .then(() =>\n    resolveAndRunBeforeHooks.call(this, scenario.tags, state.feature.name)\n  )\n  .then(() =>\n    indexedSteps.forEach((step) =>\n      stepTest.call(this, state, step, rowData)\n    )\n  )\n  .then(() =>\n    resolveAndRunAfterHooks.call(this, scenario.tags, state.feature.name)\n  )\n  .then(() => state.onFinishScenario(scenario));",
              "err": {},
              "uuid": "2710191c-315d-4830-b861-8938a434c344",
              "parentUUID": "0b06f458-0620-443b-8d3c-5b8e304a0f49",
              "isHook": false,
              "skipped": false
            },
            {
              "title": "Adicionar Conta",
              "fullTitle": "Realizo login no site Adicionar Conta",
              "timedOut": null,
              "duration": 5518,
              "state": "passed",
              "speed": "slow",
              "pass": true,
              "fail": false,
              "pending": false,
              "context": null,
              "code": "const state = window.testState;\nreturn cy\n  .then(() => state.onStartScenario(scenario, indexedSteps))\n  .then(() =>\n    resolveAndRunBeforeHooks.call(this, scenario.tags, state.feature.name)\n  )\n  .then(() =>\n    indexedSteps.forEach((step) =>\n      stepTest.call(this, state, step, rowData)\n    )\n  )\n  .then(() =>\n    resolveAndRunAfterHooks.call(this, scenario.tags, state.feature.name)\n  )\n  .then(() => state.onFinishScenario(scenario));",
              "err": {},
              "uuid": "0dce0bd8-52a7-431c-b83d-2c1b66d3aaee",
              "parentUUID": "0b06f458-0620-443b-8d3c-5b8e304a0f49",
              "isHook": false,
              "skipped": false
            }
          ],
          "suites": [],
          "passes": [
            "2710191c-315d-4830-b861-8938a434c344",
            "0dce0bd8-52a7-431c-b83d-2c1b66d3aaee"
          ],
          "failures": [],
          "pending": [],
          "skipped": [],
          "duration": 9535,
          "root": false,
          "rootEmpty": false,
          "_timeout": 2000
        }
      ],
      "passes": [],
      "failures": [],
      "pending": [],
      "skipped": [],
      "duration": 0,
      "root": true,
      "rootEmpty": true,
      "_timeout": 2000
    }
  ],
  "meta": {
    "mocha": {
      "version": "7.0.1"
    },
    "mochawesome": {
      "options": {
        "quiet": false,
        "reportFilename": "mochawesome",
        "saveHtml": true,
        "saveJson": true,
        "consoleReporter": "spec",
        "useInlineDiffs": false,
        "code": true
      },
      "version": "6.2.1"
    },
    "marge": {
      "options": {
        "overwrite": false
      },
      "version": "5.1.0"
    }
  }
}