{
  "stats": {
    "suites": 1,
    "tests": 1,
    "passes": 0,
    "pending": 0,
    "failures": 1,
    "start": "2020-12-25T00:53:31.675Z",
    "end": "2020-12-25T00:53:48.782Z",
    "duration": 17107,
    "testsRegistered": 1,
    "passPercent": 0,
    "pendingPercent": 0,
    "other": 0,
    "hasOther": false,
    "skipped": 0,
    "hasSkipped": false
  },
  "results": [
    {
      "uuid": "af1bcea8-e0f0-482c-8981-f02f07bd9dac",
      "title": "",
      "fullFile": "cypress/integration/test.feature",
      "file": "cypress/integration/test.feature",
      "beforeHooks": [],
      "afterHooks": [],
      "tests": [],
      "suites": [
        {
          "uuid": "f7be4de2-37ed-4fc3-8666-48334e2d58e7",
          "title": "Acessar site Seu Barriga",
          "fullFile": "",
          "file": "",
          "beforeHooks": [],
          "afterHooks": [],
          "tests": [
            {
              "title": "Cadastrar novo usuário",
              "fullTitle": "Acessar site Seu Barriga Cadastrar novo usuário",
              "timedOut": null,
              "duration": 16893,
              "state": "failed",
              "speed": null,
              "pass": false,
              "fail": true,
              "pending": false,
              "context": null,
              "code": "const state = window.testState;\nreturn cy\n  .then(() => state.onStartScenario(scenario, indexedSteps))\n  .then(() =>\n    resolveAndRunBeforeHooks.call(this, scenario.tags, state.feature.name)\n  )\n  .then(() =>\n    indexedSteps.forEach((step) =>\n      stepTest.call(this, state, step, rowData)\n    )\n  )\n  .then(() =>\n    resolveAndRunAfterHooks.call(this, scenario.tags, state.feature.name)\n  )\n  .then(() => state.onFinishScenario(scenario));",
              "err": {
                "message": "AssertionError: Timed out retrying: Expected to find element: `.alert alert-success`, but never found it.",
                "estack": "AssertionError: Timed out retrying: Expected to find element: `.alert alert-success`, but never found it.\n    at TestPage.confirmarcadastro (https://srbarriga.herokuapp.com/__cypress/tests?p=cypress/integration/test.feature:96:10)\n    at Context.eval (https://srbarriga.herokuapp.com/__cypress/tests?p=cypress/integration/test.feature:168:12)\n    at Context.resolveAndRunStepDefinition (https://srbarriga.herokuapp.com/__cypress/tests?p=cypress/integration/test.feature:11916:9)\n    at Context.eval (https://srbarriga.herokuapp.com/__cypress/tests?p=cypress/integration/test.feature:11257:35)",
                "diff": null
              },
              "uuid": "bd95fbf3-ad47-4f58-a8f6-8fee298cb1fe",
              "parentUUID": "f7be4de2-37ed-4fc3-8666-48334e2d58e7",
              "isHook": false,
              "skipped": false
            }
          ],
          "suites": [],
          "passes": [],
          "failures": [
            "bd95fbf3-ad47-4f58-a8f6-8fee298cb1fe"
          ],
          "pending": [],
          "skipped": [],
          "duration": 16893,
          "root": false,
          "rootEmpty": false,
          "_timeout": 2000
        }
      ],
      "passes": [],
      "failures": [],
      "pending": [],
      "skipped": [],
      "duration": 0,
      "root": true,
      "rootEmpty": true,
      "_timeout": 2000
    }
  ],
  "meta": {
    "mocha": {
      "version": "7.0.1"
    },
    "mochawesome": {
      "options": {
        "quiet": false,
        "reportFilename": "mochawesome",
        "saveHtml": true,
        "saveJson": true,
        "consoleReporter": "spec",
        "useInlineDiffs": false,
        "code": true
      },
      "version": "6.2.1"
    },
    "marge": {
      "options": {
        "overwrite": false
      },
      "version": "5.1.0"
    }
  }
}