{
  "stats": {
    "suites": 1,
    "tests": 2,
    "passes": 0,
    "pending": 0,
    "failures": 2,
    "start": "2020-12-25T01:46:07.212Z",
    "end": "2020-12-25T01:46:39.473Z",
    "duration": 32261,
    "testsRegistered": 2,
    "passPercent": 0,
    "pendingPercent": 0,
    "other": 0,
    "hasOther": false,
    "skipped": 0,
    "hasSkipped": false
  },
  "results": [
    {
      "uuid": "fa422bef-e1e8-44f3-8098-b7c243aeb97a",
      "title": "",
      "fullFile": "cypress/integration/test.feature",
      "file": "cypress/integration/test.feature",
      "beforeHooks": [],
      "afterHooks": [],
      "tests": [],
      "suites": [
        {
          "uuid": "88961212-25f1-4e5f-8cea-b3c3226d179b",
          "title": "Acessar site Seu Barriga",
          "fullFile": "",
          "file": "",
          "beforeHooks": [],
          "afterHooks": [],
          "tests": [
            {
              "title": "Cadastrar novo usuário",
              "fullTitle": "Acessar site Seu Barriga Cadastrar novo usuário",
              "timedOut": null,
              "duration": 17337,
              "state": "failed",
              "speed": null,
              "pass": false,
              "fail": true,
              "pending": false,
              "context": null,
              "code": "const state = window.testState;\nreturn cy\n  .then(() => state.onStartScenario(scenario, indexedSteps))\n  .then(() =>\n    resolveAndRunBeforeHooks.call(this, scenario.tags, state.feature.name)\n  )\n  .then(() =>\n    indexedSteps.forEach((step) =>\n      stepTest.call(this, state, step, rowData)\n    )\n  )\n  .then(() =>\n    resolveAndRunAfterHooks.call(this, scenario.tags, state.feature.name)\n  )\n  .then(() => state.onFinishScenario(scenario));",
              "err": {
                "message": "AssertionError: Timed out retrying: Expected to find content: 'Usuário inserido com sucesso' within the element: <div.alert.alert-danger> but never did.",
                "estack": "AssertionError: Timed out retrying: Expected to find content: 'Usuário inserido com sucesso' within the element: <div.alert.alert-danger> but never did.\n    at TestPage.confirmarcadastro (https://srbarriga.herokuapp.com/__cypress/tests?p=cypress/integration/test.feature:96:48)\n    at Context.eval (https://srbarriga.herokuapp.com/__cypress/tests?p=cypress/integration/test.feature:201:12)\n    at Context.resolveAndRunStepDefinition (https://srbarriga.herokuapp.com/__cypress/tests?p=cypress/integration/test.feature:11958:9)\n    at Context.eval (https://srbarriga.herokuapp.com/__cypress/tests?p=cypress/integration/test.feature:11299:35)",
                "diff": null
              },
              "uuid": "21dfbc82-f8d9-4ffd-b4ac-c9b3c01d8431",
              "parentUUID": "88961212-25f1-4e5f-8cea-b3c3226d179b",
              "isHook": false,
              "skipped": false
            },
            {
              "title": "Realizar Login",
              "fullTitle": "Acessar site Seu Barriga Realizar Login",
              "timedOut": null,
              "duration": 14707,
              "state": "failed",
              "speed": null,
              "pass": false,
              "fail": true,
              "pending": false,
              "context": null,
              "code": "const state = window.testState;\nreturn cy\n  .then(() => state.onStartScenario(scenario, indexedSteps))\n  .then(() =>\n    resolveAndRunBeforeHooks.call(this, scenario.tags, state.feature.name)\n  )\n  .then(() =>\n    indexedSteps.forEach((step) =>\n      stepTest.call(this, state, step, rowData)\n    )\n  )\n  .then(() =>\n    resolveAndRunAfterHooks.call(this, scenario.tags, state.feature.name)\n  )\n  .then(() => state.onFinishScenario(scenario));",
              "err": {
                "message": "AssertionError: Timed out retrying: Expected to find element: `.alert`, but never found it.",
                "estack": "AssertionError: Timed out retrying: Expected to find element: `.alert`, but never found it.\n    at TestPage.validarlogin (https://srbarriga.herokuapp.com/__cypress/tests?p=cypress/integration/test.feature:117:10)\n    at Context.eval (https://srbarriga.herokuapp.com/__cypress/tests?p=cypress/integration/test.feature:210:12)\n    at Context.resolveAndRunStepDefinition (https://srbarriga.herokuapp.com/__cypress/tests?p=cypress/integration/test.feature:11958:9)\n    at Context.eval (https://srbarriga.herokuapp.com/__cypress/tests?p=cypress/integration/test.feature:11299:35)",
                "diff": null
              },
              "uuid": "dc08139d-3f0b-4161-958f-14f0f45746b9",
              "parentUUID": "88961212-25f1-4e5f-8cea-b3c3226d179b",
              "isHook": false,
              "skipped": false
            }
          ],
          "suites": [],
          "passes": [],
          "failures": [
            "21dfbc82-f8d9-4ffd-b4ac-c9b3c01d8431",
            "dc08139d-3f0b-4161-958f-14f0f45746b9"
          ],
          "pending": [],
          "skipped": [],
          "duration": 32044,
          "root": false,
          "rootEmpty": false,
          "_timeout": 2000
        }
      ],
      "passes": [],
      "failures": [],
      "pending": [],
      "skipped": [],
      "duration": 0,
      "root": true,
      "rootEmpty": true,
      "_timeout": 2000
    }
  ],
  "meta": {
    "mocha": {
      "version": "7.0.1"
    },
    "mochawesome": {
      "options": {
        "quiet": false,
        "reportFilename": "mochawesome",
        "saveHtml": true,
        "saveJson": true,
        "consoleReporter": "spec",
        "useInlineDiffs": false,
        "code": true
      },
      "version": "6.2.1"
    },
    "marge": {
      "options": {
        "overwrite": false
      },
      "version": "5.1.0"
    }
  }
}