{
  "stats": {
    "suites": 1,
    "tests": 13,
    "passes": 13,
    "pending": 0,
    "failures": 0,
    "start": "2020-12-26T01:23:06.505Z",
    "end": "2020-12-26T01:24:40.488Z",
    "duration": 93983,
    "testsRegistered": 13,
    "passPercent": 100,
    "pendingPercent": 0,
    "other": 0,
    "hasOther": false,
    "skipped": 0,
    "hasSkipped": false
  },
  "results": [
    {
      "uuid": "3a27d7fa-4eac-4775-858a-8bfab453ea9d",
      "title": "",
      "fullFile": "cypress/integration/login.feature",
      "file": "cypress/integration/login.feature",
      "beforeHooks": [],
      "afterHooks": [],
      "tests": [],
      "suites": [
        {
          "uuid": "49d172e7-3020-44ee-8836-51f42f1929e0",
          "title": "Realizar Login no site",
          "fullFile": "",
          "file": "",
          "beforeHooks": [],
          "afterHooks": [],
          "tests": [
            {
              "title": "Realizar Login",
              "fullTitle": "Realizar Login no site Realizar Login",
              "timedOut": null,
              "duration": 5232,
              "state": "passed",
              "speed": "slow",
              "pass": true,
              "fail": false,
              "pending": false,
              "context": null,
              "code": "const state = window.testState;\nreturn cy\n  .then(() => state.onStartScenario(scenario, indexedSteps))\n  .then(() =>\n    resolveAndRunBeforeHooks.call(this, scenario.tags, state.feature.name)\n  )\n  .then(() =>\n    indexedSteps.forEach((step) =>\n      stepTest.call(this, state, step, rowData)\n    )\n  )\n  .then(() =>\n    resolveAndRunAfterHooks.call(this, scenario.tags, state.feature.name)\n  )\n  .then(() => state.onFinishScenario(scenario));",
              "err": {},
              "uuid": "7c44378e-6919-495e-9ead-d030baed7192",
              "parentUUID": "49d172e7-3020-44ee-8836-51f42f1929e0",
              "isHook": false,
              "skipped": false
            },
            {
              "title": "Adicionar Conta",
              "fullTitle": "Realizar Login no site Adicionar Conta",
              "timedOut": null,
              "duration": 6885,
              "state": "passed",
              "speed": "slow",
              "pass": true,
              "fail": false,
              "pending": false,
              "context": null,
              "code": "const state = window.testState;\nreturn cy\n  .then(() => state.onStartScenario(scenario, indexedSteps))\n  .then(() =>\n    resolveAndRunBeforeHooks.call(this, scenario.tags, state.feature.name)\n  )\n  .then(() =>\n    indexedSteps.forEach((step) =>\n      stepTest.call(this, state, step, rowData)\n    )\n  )\n  .then(() =>\n    resolveAndRunAfterHooks.call(this, scenario.tags, state.feature.name)\n  )\n  .then(() => state.onFinishScenario(scenario));",
              "err": {},
              "uuid": "aef4c257-60c7-4465-88dd-87ef0df28f6a",
              "parentUUID": "49d172e7-3020-44ee-8836-51f42f1929e0",
              "isHook": false,
              "skipped": false
            },
            {
              "title": "Adicionar Movimentção de Receita na Conta",
              "fullTitle": "Realizar Login no site Adicionar Movimentção de Receita na Conta",
              "timedOut": null,
              "duration": 8618,
              "state": "passed",
              "speed": "slow",
              "pass": true,
              "fail": false,
              "pending": false,
              "context": null,
              "code": "const state = window.testState;\nreturn cy\n  .then(() => state.onStartScenario(scenario, indexedSteps))\n  .then(() =>\n    resolveAndRunBeforeHooks.call(this, scenario.tags, state.feature.name)\n  )\n  .then(() =>\n    indexedSteps.forEach((step) =>\n      stepTest.call(this, state, step, rowData)\n    )\n  )\n  .then(() =>\n    resolveAndRunAfterHooks.call(this, scenario.tags, state.feature.name)\n  )\n  .then(() => state.onFinishScenario(scenario));",
              "err": {},
              "uuid": "12c58d8e-bde5-4097-814f-3771a3caefe3",
              "parentUUID": "49d172e7-3020-44ee-8836-51f42f1929e0",
              "isHook": false,
              "skipped": false
            },
            {
              "title": "Adicionar Movimentação de Receita Pendente na Conta",
              "fullTitle": "Realizar Login no site Adicionar Movimentação de Receita Pendente na Conta",
              "timedOut": null,
              "duration": 10103,
              "state": "passed",
              "speed": "slow",
              "pass": true,
              "fail": false,
              "pending": false,
              "context": null,
              "code": "const state = window.testState;\nreturn cy\n  .then(() => state.onStartScenario(scenario, indexedSteps))\n  .then(() =>\n    resolveAndRunBeforeHooks.call(this, scenario.tags, state.feature.name)\n  )\n  .then(() =>\n    indexedSteps.forEach((step) =>\n      stepTest.call(this, state, step, rowData)\n    )\n  )\n  .then(() =>\n    resolveAndRunAfterHooks.call(this, scenario.tags, state.feature.name)\n  )\n  .then(() => state.onFinishScenario(scenario));",
              "err": {},
              "uuid": "34a12346-1f69-4b24-83dc-bdb262691382",
              "parentUUID": "49d172e7-3020-44ee-8836-51f42f1929e0",
              "isHook": false,
              "skipped": false
            },
            {
              "title": "Adicionar Despesa na Conta do Itaú",
              "fullTitle": "Realizar Login no site Adicionar Despesa na Conta do Itaú",
              "timedOut": null,
              "duration": 9974,
              "state": "passed",
              "speed": "slow",
              "pass": true,
              "fail": false,
              "pending": false,
              "context": null,
              "code": "const state = window.testState;\nreturn cy\n  .then(() => state.onStartScenario(scenario, indexedSteps))\n  .then(() =>\n    resolveAndRunBeforeHooks.call(this, scenario.tags, state.feature.name)\n  )\n  .then(() =>\n    indexedSteps.forEach((step) =>\n      stepTest.call(this, state, step, rowData)\n    )\n  )\n  .then(() =>\n    resolveAndRunAfterHooks.call(this, scenario.tags, state.feature.name)\n  )\n  .then(() => state.onFinishScenario(scenario));",
              "err": {},
              "uuid": "d6c3dc6a-b7aa-449d-8a5a-fa08111da7fa",
              "parentUUID": "49d172e7-3020-44ee-8836-51f42f1929e0",
              "isHook": false,
              "skipped": false
            },
            {
              "title": "Adicionar Saldo na Conta da Nubank",
              "fullTitle": "Realizar Login no site Adicionar Saldo na Conta da Nubank",
              "timedOut": null,
              "duration": 9778,
              "state": "passed",
              "speed": "slow",
              "pass": true,
              "fail": false,
              "pending": false,
              "context": null,
              "code": "const state = window.testState;\nreturn cy\n  .then(() => state.onStartScenario(scenario, indexedSteps))\n  .then(() =>\n    resolveAndRunBeforeHooks.call(this, scenario.tags, state.feature.name)\n  )\n  .then(() =>\n    indexedSteps.forEach((step) =>\n      stepTest.call(this, state, step, rowData)\n    )\n  )\n  .then(() =>\n    resolveAndRunAfterHooks.call(this, scenario.tags, state.feature.name)\n  )\n  .then(() => state.onFinishScenario(scenario));",
              "err": {},
              "uuid": "31c06fd6-4efa-4de4-be10-01e17fcb12de",
              "parentUUID": "49d172e7-3020-44ee-8836-51f42f1929e0",
              "isHook": false,
              "skipped": false
            },
            {
              "title": "Adicionar Movimentação de Receita Pendente na Conta da Nubank",
              "fullTitle": "Realizar Login no site Adicionar Movimentação de Receita Pendente na Conta da Nubank",
              "timedOut": null,
              "duration": 10123,
              "state": "passed",
              "speed": "slow",
              "pass": true,
              "fail": false,
              "pending": false,
              "context": null,
              "code": "const state = window.testState;\nreturn cy\n  .then(() => state.onStartScenario(scenario, indexedSteps))\n  .then(() =>\n    resolveAndRunBeforeHooks.call(this, scenario.tags, state.feature.name)\n  )\n  .then(() =>\n    indexedSteps.forEach((step) =>\n      stepTest.call(this, state, step, rowData)\n    )\n  )\n  .then(() =>\n    resolveAndRunAfterHooks.call(this, scenario.tags, state.feature.name)\n  )\n  .then(() => state.onFinishScenario(scenario));",
              "err": {},
              "uuid": "2209b05e-bf20-4b47-9d05-71c2ea61151c",
              "parentUUID": "49d172e7-3020-44ee-8836-51f42f1929e0",
              "isHook": false,
              "skipped": false
            },
            {
              "title": "Remover Movimentação",
              "fullTitle": "Realizar Login no site Remover Movimentação",
              "timedOut": null,
              "duration": 5957,
              "state": "passed",
              "speed": "slow",
              "pass": true,
              "fail": false,
              "pending": false,
              "context": null,
              "code": "const state = window.testState;\nreturn cy\n  .then(() => state.onStartScenario(scenario, indexedSteps))\n  .then(() =>\n    resolveAndRunBeforeHooks.call(this, scenario.tags, state.feature.name)\n  )\n  .then(() =>\n    indexedSteps.forEach((step) =>\n      stepTest.call(this, state, step, rowData)\n    )\n  )\n  .then(() =>\n    resolveAndRunAfterHooks.call(this, scenario.tags, state.feature.name)\n  )\n  .then(() => state.onFinishScenario(scenario));",
              "err": {},
              "uuid": "75cfc06e-2280-4a0c-8245-b132fadcd95d",
              "parentUUID": "49d172e7-3020-44ee-8836-51f42f1929e0",
              "isHook": false,
              "skipped": false
            },
            {
              "title": "Validar mensagem de erro na criação de conta com email já cadastrado",
              "fullTitle": "Realizar Login no site Validar mensagem de erro na criação de conta com email já cadastrado",
              "timedOut": null,
              "duration": 5681,
              "state": "passed",
              "speed": "slow",
              "pass": true,
              "fail": false,
              "pending": false,
              "context": null,
              "code": "const state = window.testState;\nreturn cy\n  .then(() => state.onStartScenario(scenario, indexedSteps))\n  .then(() =>\n    resolveAndRunBeforeHooks.call(this, scenario.tags, state.feature.name)\n  )\n  .then(() =>\n    indexedSteps.forEach((step) =>\n      stepTest.call(this, state, step, rowData)\n    )\n  )\n  .then(() =>\n    resolveAndRunAfterHooks.call(this, scenario.tags, state.feature.name)\n  )\n  .then(() => state.onFinishScenario(scenario));",
              "err": {},
              "uuid": "717e327c-d9b6-429c-bb60-443c919e77aa",
              "parentUUID": "49d172e7-3020-44ee-8836-51f42f1929e0",
              "isHook": false,
              "skipped": false
            },
            {
              "title": "Validar mensagem de erro na criação de usuário quando não preenche o nome",
              "fullTitle": "Realizar Login no site Validar mensagem de erro na criação de usuário quando não preenche o nome",
              "timedOut": null,
              "duration": 4841,
              "state": "passed",
              "speed": "slow",
              "pass": true,
              "fail": false,
              "pending": false,
              "context": null,
              "code": "const state = window.testState;\nreturn cy\n  .then(() => state.onStartScenario(scenario, indexedSteps))\n  .then(() =>\n    resolveAndRunBeforeHooks.call(this, scenario.tags, state.feature.name)\n  )\n  .then(() =>\n    indexedSteps.forEach((step) =>\n      stepTest.call(this, state, step, rowData)\n    )\n  )\n  .then(() =>\n    resolveAndRunAfterHooks.call(this, scenario.tags, state.feature.name)\n  )\n  .then(() => state.onFinishScenario(scenario));",
              "err": {},
              "uuid": "66a70200-9e81-4dec-a615-682bf9104c46",
              "parentUUID": "49d172e7-3020-44ee-8836-51f42f1929e0",
              "isHook": false,
              "skipped": false
            },
            {
              "title": "Validar mensagem de erro na criação de usuário quando não preenche o email",
              "fullTitle": "Realizar Login no site Validar mensagem de erro na criação de usuário quando não preenche o email",
              "timedOut": null,
              "duration": 4616,
              "state": "passed",
              "speed": "slow",
              "pass": true,
              "fail": false,
              "pending": false,
              "context": null,
              "code": "const state = window.testState;\nreturn cy\n  .then(() => state.onStartScenario(scenario, indexedSteps))\n  .then(() =>\n    resolveAndRunBeforeHooks.call(this, scenario.tags, state.feature.name)\n  )\n  .then(() =>\n    indexedSteps.forEach((step) =>\n      stepTest.call(this, state, step, rowData)\n    )\n  )\n  .then(() =>\n    resolveAndRunAfterHooks.call(this, scenario.tags, state.feature.name)\n  )\n  .then(() => state.onFinishScenario(scenario));",
              "err": {},
              "uuid": "c94ce46d-f964-4daf-8671-95639e3d980b",
              "parentUUID": "49d172e7-3020-44ee-8836-51f42f1929e0",
              "isHook": false,
              "skipped": false
            },
            {
              "title": "Validar mensagem de erro na criação de usuário quando não preenche a senha",
              "fullTitle": "Realizar Login no site Validar mensagem de erro na criação de usuário quando não preenche a senha",
              "timedOut": null,
              "duration": 4826,
              "state": "passed",
              "speed": "slow",
              "pass": true,
              "fail": false,
              "pending": false,
              "context": null,
              "code": "const state = window.testState;\nreturn cy\n  .then(() => state.onStartScenario(scenario, indexedSteps))\n  .then(() =>\n    resolveAndRunBeforeHooks.call(this, scenario.tags, state.feature.name)\n  )\n  .then(() =>\n    indexedSteps.forEach((step) =>\n      stepTest.call(this, state, step, rowData)\n    )\n  )\n  .then(() =>\n    resolveAndRunAfterHooks.call(this, scenario.tags, state.feature.name)\n  )\n  .then(() => state.onFinishScenario(scenario));",
              "err": {},
              "uuid": "121f6167-ce97-436c-9749-491845cb51da",
              "parentUUID": "49d172e7-3020-44ee-8836-51f42f1929e0",
              "isHook": false,
              "skipped": false
            },
            {
              "title": "Validar mensagem de erro quando adiciona uma conta já cadastrada",
              "fullTitle": "Realizar Login no site Validar mensagem de erro quando adiciona uma conta já cadastrada",
              "timedOut": null,
              "duration": 6466,
              "state": "passed",
              "speed": "slow",
              "pass": true,
              "fail": false,
              "pending": false,
              "context": null,
              "code": "const state = window.testState;\nreturn cy\n  .then(() => state.onStartScenario(scenario, indexedSteps))\n  .then(() =>\n    resolveAndRunBeforeHooks.call(this, scenario.tags, state.feature.name)\n  )\n  .then(() =>\n    indexedSteps.forEach((step) =>\n      stepTest.call(this, state, step, rowData)\n    )\n  )\n  .then(() =>\n    resolveAndRunAfterHooks.call(this, scenario.tags, state.feature.name)\n  )\n  .then(() => state.onFinishScenario(scenario));",
              "err": {},
              "uuid": "f05c771b-7fbc-4b04-86bc-ac975f57a3dc",
              "parentUUID": "49d172e7-3020-44ee-8836-51f42f1929e0",
              "isHook": false,
              "skipped": false
            }
          ],
          "suites": [],
          "passes": [
            "7c44378e-6919-495e-9ead-d030baed7192",
            "aef4c257-60c7-4465-88dd-87ef0df28f6a",
            "12c58d8e-bde5-4097-814f-3771a3caefe3",
            "34a12346-1f69-4b24-83dc-bdb262691382",
            "d6c3dc6a-b7aa-449d-8a5a-fa08111da7fa",
            "31c06fd6-4efa-4de4-be10-01e17fcb12de",
            "2209b05e-bf20-4b47-9d05-71c2ea61151c",
            "75cfc06e-2280-4a0c-8245-b132fadcd95d",
            "717e327c-d9b6-429c-bb60-443c919e77aa",
            "66a70200-9e81-4dec-a615-682bf9104c46",
            "c94ce46d-f964-4daf-8671-95639e3d980b",
            "121f6167-ce97-436c-9749-491845cb51da",
            "f05c771b-7fbc-4b04-86bc-ac975f57a3dc"
          ],
          "failures": [],
          "pending": [],
          "skipped": [],
          "duration": 93100,
          "root": false,
          "rootEmpty": false,
          "_timeout": 2000
        }
      ],
      "passes": [],
      "failures": [],
      "pending": [],
      "skipped": [],
      "duration": 0,
      "root": true,
      "rootEmpty": true,
      "_timeout": 2000
    }
  ],
  "meta": {
    "mocha": {
      "version": "7.0.1"
    },
    "mochawesome": {
      "options": {
        "quiet": false,
        "reportFilename": "mochawesome",
        "saveHtml": true,
        "saveJson": true,
        "consoleReporter": "spec",
        "useInlineDiffs": false,
        "code": true
      },
      "version": "6.2.1"
    },
    "marge": {
      "options": {
        "overwrite": false
      },
      "version": "5.1.0"
    }
  }
}