{
  "stats": {
    "suites": 1,
    "tests": 2,
    "passes": 1,
    "pending": 0,
    "failures": 1,
    "start": "2020-12-25T01:47:45.842Z",
    "end": "2020-12-25T01:48:05.973Z",
    "duration": 20131,
    "testsRegistered": 2,
    "passPercent": 50,
    "pendingPercent": 0,
    "other": 0,
    "hasOther": false,
    "skipped": 0,
    "hasSkipped": false
  },
  "results": [
    {
      "uuid": "2447be58-7496-43e1-b65e-88586243b1dd",
      "title": "",
      "fullFile": "cypress/integration/test.feature",
      "file": "cypress/integration/test.feature",
      "beforeHooks": [],
      "afterHooks": [],
      "tests": [],
      "suites": [
        {
          "uuid": "68bc4fe2-3f64-4c72-95d6-44838785bb7c",
          "title": "Acessar site Seu Barriga",
          "fullFile": "",
          "file": "",
          "beforeHooks": [],
          "afterHooks": [],
          "tests": [
            {
              "title": "Cadastrar novo usuário",
              "fullTitle": "Acessar site Seu Barriga Cadastrar novo usuário",
              "timedOut": null,
              "duration": 6074,
              "state": "passed",
              "speed": "slow",
              "pass": true,
              "fail": false,
              "pending": false,
              "context": null,
              "code": "const state = window.testState;\nreturn cy\n  .then(() => state.onStartScenario(scenario, indexedSteps))\n  .then(() =>\n    resolveAndRunBeforeHooks.call(this, scenario.tags, state.feature.name)\n  )\n  .then(() =>\n    indexedSteps.forEach((step) =>\n      stepTest.call(this, state, step, rowData)\n    )\n  )\n  .then(() =>\n    resolveAndRunAfterHooks.call(this, scenario.tags, state.feature.name)\n  )\n  .then(() => state.onFinishScenario(scenario));",
              "err": {},
              "uuid": "6ecd0190-f415-480b-b884-0aa33d49188f",
              "parentUUID": "68bc4fe2-3f64-4c72-95d6-44838785bb7c",
              "isHook": false,
              "skipped": false
            },
            {
              "title": "Realizar Login",
              "fullTitle": "Acessar site Seu Barriga Realizar Login",
              "timedOut": null,
              "duration": 13912,
              "state": "failed",
              "speed": null,
              "pass": false,
              "fail": true,
              "pending": false,
              "context": null,
              "code": "const state = window.testState;\nreturn cy\n  .then(() => state.onStartScenario(scenario, indexedSteps))\n  .then(() =>\n    resolveAndRunBeforeHooks.call(this, scenario.tags, state.feature.name)\n  )\n  .then(() =>\n    indexedSteps.forEach((step) =>\n      stepTest.call(this, state, step, rowData)\n    )\n  )\n  .then(() =>\n    resolveAndRunAfterHooks.call(this, scenario.tags, state.feature.name)\n  )\n  .then(() => state.onFinishScenario(scenario));",
              "err": {
                "message": "AssertionError: Timed out retrying: Expected to find element: `.alert`, but never found it.",
                "estack": "AssertionError: Timed out retrying: Expected to find element: `.alert`, but never found it.\n    at TestPage.validarlogin (https://srbarriga.herokuapp.com/__cypress/tests?p=cypress/integration/test.feature:116:10)\n    at Context.eval (https://srbarriga.herokuapp.com/__cypress/tests?p=cypress/integration/test.feature:209:12)\n    at Context.resolveAndRunStepDefinition (https://srbarriga.herokuapp.com/__cypress/tests?p=cypress/integration/test.feature:11957:9)\n    at Context.eval (https://srbarriga.herokuapp.com/__cypress/tests?p=cypress/integration/test.feature:11298:35)",
                "diff": null
              },
              "uuid": "e26ae78e-03ab-46be-a09e-bcc746829efe",
              "parentUUID": "68bc4fe2-3f64-4c72-95d6-44838785bb7c",
              "isHook": false,
              "skipped": false
            }
          ],
          "suites": [],
          "passes": [
            "6ecd0190-f415-480b-b884-0aa33d49188f"
          ],
          "failures": [
            "e26ae78e-03ab-46be-a09e-bcc746829efe"
          ],
          "pending": [],
          "skipped": [],
          "duration": 19986,
          "root": false,
          "rootEmpty": false,
          "_timeout": 2000
        }
      ],
      "passes": [],
      "failures": [],
      "pending": [],
      "skipped": [],
      "duration": 0,
      "root": true,
      "rootEmpty": true,
      "_timeout": 2000
    }
  ],
  "meta": {
    "mocha": {
      "version": "7.0.1"
    },
    "mochawesome": {
      "options": {
        "quiet": false,
        "reportFilename": "mochawesome",
        "saveHtml": true,
        "saveJson": true,
        "consoleReporter": "spec",
        "useInlineDiffs": false,
        "code": true
      },
      "version": "6.2.1"
    },
    "marge": {
      "options": {
        "overwrite": false
      },
      "version": "5.1.0"
    }
  }
}